============================= test session starts ==============================
platform linux -- Python 3.13.3, pytest-9.0.2, pluggy-1.6.0
rootdir: /tmp/fixgen/py
plugins: anyio-4.9.0, asyncio-1.3.0
asyncio: mode=Mode.STRICT, debug=False, asyncio_default_fixture_loop_scope=None, asyncio_default_test_loop_scope=function
collected 6 items

test_sample.py ......                                                    [100%]

============================== 6 passed in 0.00s ===============================
